This file contains any messages produced by compilers while
running configure, to aid debugging if configure makes a mistake.

It was created by libreverse configure 0.7, which was
generated by GNU Autoconf 2.61.  Invocation command line was

  $ ../configure --enable-profiling --no-create --no-recursion

## --------- ##
## Platform. ##
## --------- ##

hostname = dell
uname -m = i686
uname -r = 2.6.22-14-generic
uname -s = Linux
uname -v = #1 SMP Tue Feb 12 07:42:25 UTC 2008

/usr/bin/uname -p = unknown
/bin/uname -X     = unknown

/bin/arch              = unknown
/usr/bin/arch -k       = unknown
/usr/convex/getsysinfo = unknown
/usr/bin/hostinfo      = unknown
/bin/machine           = unknown
/usr/bin/oslevel       = unknown
/bin/universe          = unknown

PATH: /usr/local/sbin
PATH: /usr/local/bin
PATH: /usr/sbin
PATH: /usr/bin
PATH: /sbin
PATH: /bin
PATH: /usr/games


## ----------- ##
## Core tests. ##
## ----------- ##

configure:2001: checking for a BSD-compatible install
configure:2057: result: /usr/bin/install -c
configure:2068: checking whether build environment is sane
configure:2111: result: yes
configure:2139: checking for a thread-safe mkdir -p
configure:2178: result: /bin/mkdir -p
configure:2191: checking for gawk
configure:2207: found /usr/bin/gawk
configure:2218: result: gawk
configure:2229: checking whether make sets $(MAKE)
configure:2250: result: yes
configure:2433: checking how to create a pax tar archive
configure:2446: tar --version
tar (GNU tar) 1.18
Copyright (C) 2007 Free Software Foundation, Inc.
License GPLv2+: GNU GPL version 2 or later <http://gnu.org/licenses/gpl.html>
This is free software: you are free to change and redistribute it.
There is NO WARRANTY, to the extent permitted by law.

Written by John Gilmore and Jay Fenlason.
configure:2449: $? = 0
configure:2489: tardir=conftest.dir && eval tar --format=posix -chf - "$tardir" >conftest.tar
configure:2492: $? = 0
configure:2496: tar -xf - <conftest.tar
configure:2499: $? = 0
configure:2512: result: gnutar
configure:2612: checking Checking gcc version is 4.0 or higher
configure:2629: result: passed
configure:2734: checking build system type
configure:2752: result: i686-pc-linux-gnu
configure:2774: checking host system type
configure:2789: result: i686-pc-linux-gnu
configure:2823: checking for style of include used by make
configure:2851: result: GNU
configure:2921: checking for gcc
configure:2937: found /usr/bin/gcc
configure:2948: result: gcc
configure:3186: checking for C compiler version
configure:3193: gcc --version >&5
gcc (GCC) 4.1.3 20070929 (prerelease) (Ubuntu 4.1.2-16ubuntu2)
Copyright (C) 2006 Free Software Foundation, Inc.
This is free software; see the source for copying conditions.  There is NO
warranty; not even for MERCHANTABILITY or FITNESS FOR A PARTICULAR PURPOSE.

configure:3196: $? = 0
configure:3203: gcc -v >&5
Using built-in specs.
Target: i486-linux-gnu
Configured with: ../src/configure -v --enable-languages=c,c++,fortran,objc,obj-c++,treelang --prefix=/usr --enable-shared --with-system-zlib --libexecdir=/usr/lib --without-included-gettext --enable-threads=posix --enable-nls --with-gxx-include-dir=/usr/include/c++/4.1.3 --program-suffix=-4.1 --enable-__cxa_atexit --enable-clocale=gnu --enable-libstdcxx-debug --enable-mpfr --enable-checking=release i486-linux-gnu
Thread model: posix
gcc version 4.1.3 20070929 (prerelease) (Ubuntu 4.1.2-16ubuntu2)
configure:3206: $? = 0
configure:3213: gcc -V >&5
gcc: '-V' option must have argument
configure:3216: $? = 1
configure:3239: checking for C compiler default output file name
configure:3266: gcc    conftest.c  >&5
configure:3269: $? = 0
configure:3307: result: a.out
configure:3324: checking whether the C compiler works
configure:3334: ./a.out
configure:3337: $? = 0
configure:3354: result: yes
configure:3361: checking whether we are cross compiling
configure:3363: result: no
configure:3366: checking for suffix of executables
configure:3373: gcc -o conftest    conftest.c  >&5
configure:3376: $? = 0
configure:3400: result: 
configure:3406: checking for suffix of object files
configure:3432: gcc -c   conftest.c >&5
configure:3435: $? = 0
configure:3458: result: o
configure:3462: checking whether we are using the GNU C compiler
configure:3491: gcc -c   conftest.c >&5
configure:3497: $? = 0
configure:3514: result: yes
configure:3519: checking whether gcc accepts -g
configure:3549: gcc -c -g  conftest.c >&5
configure:3555: $? = 0
configure:3654: result: yes
configure:3671: checking for gcc option to accept ISO C89
configure:3745: gcc  -c -g -O2  conftest.c >&5
configure:3751: $? = 0
configure:3774: result: none needed
configure:3794: checking dependency style of gcc
configure:3885: result: gcc3
configure:3900: checking for a sed that does not truncate output
configure:3956: result: /bin/sed
configure:3959: checking for grep that handles long lines and -e
configure:4033: result: /bin/grep
configure:4038: checking for egrep
configure:4116: result: /bin/grep -E
configure:4132: checking for ld used by gcc
configure:4199: result: /usr/bin/ld
configure:4208: checking if the linker (/usr/bin/ld) is GNU ld
configure:4223: result: yes
configure:4228: checking for /usr/bin/ld option to reload object files
configure:4235: result: -r
configure:4253: checking for BSD-compatible nm
configure:4302: result: /usr/bin/nm -B
configure:4306: checking whether ln -s works
configure:4310: result: yes
configure:4317: checking how to recognize dependent libraries
configure:4503: result: pass_all
configure:4744: checking how to run the C preprocessor
configure:4784: gcc -E  conftest.c
configure:4790: $? = 0
configure:4821: gcc -E  conftest.c
conftest.c:10:28: error: ac_nonexistent.h: No such file or directory
configure:4827: $? = 1
configure: failed program was:
| /* confdefs.h.  */
| #define PACKAGE_NAME "libreverse"
| #define PACKAGE_TARNAME "libreverse"
| #define PACKAGE_VERSION "0.7"
| #define PACKAGE_STRING "libreverse 0.7"
| #define PACKAGE_BUGREPORT ""
| #define PACKAGE "libreverse"
| #define VERSION "0.7"
| /* end confdefs.h.  */
| #include <ac_nonexistent.h>
configure:4860: result: gcc -E
configure:4889: gcc -E  conftest.c
configure:4895: $? = 0
configure:4926: gcc -E  conftest.c
conftest.c:10:28: error: ac_nonexistent.h: No such file or directory
configure:4932: $? = 1
configure: failed program was:
| /* confdefs.h.  */
| #define PACKAGE_NAME "libreverse"
| #define PACKAGE_TARNAME "libreverse"
| #define PACKAGE_VERSION "0.7"
| #define PACKAGE_STRING "libreverse 0.7"
| #define PACKAGE_BUGREPORT ""
| #define PACKAGE "libreverse"
| #define VERSION "0.7"
| /* end confdefs.h.  */
| #include <ac_nonexistent.h>
configure:4970: checking for ANSI C header files
configure:5000: gcc -c -g -O2  conftest.c >&5
configure:5006: $? = 0
configure:5105: gcc -o conftest -g -O2   conftest.c  >&5
configure:5108: $? = 0
configure:5114: ./conftest
configure:5117: $? = 0
configure:5134: result: yes
configure:5158: checking for sys/types.h
configure:5179: gcc -c -g -O2  conftest.c >&5
configure:5185: $? = 0
configure:5201: result: yes
configure:5158: checking for sys/stat.h
configure:5179: gcc -c -g -O2  conftest.c >&5
configure:5185: $? = 0
configure:5201: result: yes
configure:5158: checking for stdlib.h
configure:5179: gcc -c -g -O2  conftest.c >&5
configure:5185: $? = 0
configure:5201: result: yes
configure:5158: checking for string.h
configure:5179: gcc -c -g -O2  conftest.c >&5
configure:5185: $? = 0
configure:5201: result: yes
configure:5158: checking for memory.h
configure:5179: gcc -c -g -O2  conftest.c >&5
configure:5185: $? = 0
configure:5201: result: yes
configure:5158: checking for strings.h
configure:5179: gcc -c -g -O2  conftest.c >&5
configure:5185: $? = 0
configure:5201: result: yes
configure:5158: checking for inttypes.h
configure:5179: gcc -c -g -O2  conftest.c >&5
configure:5185: $? = 0
configure:5201: result: yes
configure:5158: checking for stdint.h
configure:5179: gcc -c -g -O2  conftest.c >&5
configure:5185: $? = 0
configure:5201: result: yes
configure:5158: checking for unistd.h
configure:5179: gcc -c -g -O2  conftest.c >&5
configure:5185: $? = 0
configure:5201: result: yes
configure:5228: checking dlfcn.h usability
configure:5245: gcc -c -g -O2  conftest.c >&5
configure:5251: $? = 0
configure:5265: result: yes
configure:5269: checking dlfcn.h presence
configure:5284: gcc -E  conftest.c
configure:5290: $? = 0
configure:5304: result: yes
configure:5332: checking for dlfcn.h
configure:5340: result: yes
configure:5469: checking for C++ compiler version
configure:5476: g++ --version >&5
g++ (GCC) 4.1.3 20070929 (prerelease) (Ubuntu 4.1.2-16ubuntu2)
Copyright (C) 2006 Free Software Foundation, Inc.
This is free software; see the source for copying conditions.  There is NO
warranty; not even for MERCHANTABILITY or FITNESS FOR A PARTICULAR PURPOSE.

configure:5479: $? = 0
configure:5486: g++ -v >&5
Using built-in specs.
Target: i486-linux-gnu
Configured with: ../src/configure -v --enable-languages=c,c++,fortran,objc,obj-c++,treelang --prefix=/usr --enable-shared --with-system-zlib --libexecdir=/usr/lib --without-included-gettext --enable-threads=posix --enable-nls --with-gxx-include-dir=/usr/include/c++/4.1.3 --program-suffix=-4.1 --enable-__cxa_atexit --enable-clocale=gnu --enable-libstdcxx-debug --enable-mpfr --enable-checking=release i486-linux-gnu
Thread model: posix
gcc version 4.1.3 20070929 (prerelease) (Ubuntu 4.1.2-16ubuntu2)
configure:5489: $? = 0
configure:5496: g++ -V >&5
g++: '-V' option must have argument
configure:5499: $? = 1
configure:5502: checking whether we are using the GNU C++ compiler
configure:5531: g++ -c   conftest.cpp >&5
configure:5537: $? = 0
configure:5554: result: yes
configure:5559: checking whether g++ accepts -g
configure:5589: g++ -c -g  conftest.cpp >&5
configure:5595: $? = 0
configure:5694: result: yes
configure:5719: checking dependency style of g++
configure:5810: result: gcc3
configure:5835: checking how to run the C++ preprocessor
configure:5871: g++ -E  conftest.cpp
configure:5877: $? = 0
configure:5908: g++ -E  conftest.cpp
conftest.cpp:21:28: error: ac_nonexistent.h: No such file or directory
configure:5914: $? = 1
configure: failed program was:
| /* confdefs.h.  */
| #define PACKAGE_NAME "libreverse"
| #define PACKAGE_TARNAME "libreverse"
| #define PACKAGE_VERSION "0.7"
| #define PACKAGE_STRING "libreverse 0.7"
| #define PACKAGE_BUGREPORT ""
| #define PACKAGE "libreverse"
| #define VERSION "0.7"
| #define STDC_HEADERS 1
| #define HAVE_SYS_TYPES_H 1
| #define HAVE_SYS_STAT_H 1
| #define HAVE_STDLIB_H 1
| #define HAVE_STRING_H 1
| #define HAVE_MEMORY_H 1
| #define HAVE_STRINGS_H 1
| #define HAVE_INTTYPES_H 1
| #define HAVE_STDINT_H 1
| #define HAVE_UNISTD_H 1
| #define HAVE_DLFCN_H 1
| /* end confdefs.h.  */
| #include <ac_nonexistent.h>
configure:5947: result: g++ -E
configure:5976: g++ -E  conftest.cpp
configure:5982: $? = 0
configure:6013: g++ -E  conftest.cpp
conftest.cpp:21:28: error: ac_nonexistent.h: No such file or directory
configure:6019: $? = 1
configure: failed program was:
| /* confdefs.h.  */
| #define PACKAGE_NAME "libreverse"
| #define PACKAGE_TARNAME "libreverse"
| #define PACKAGE_VERSION "0.7"
| #define PACKAGE_STRING "libreverse 0.7"
| #define PACKAGE_BUGREPORT ""
| #define PACKAGE "libreverse"
| #define VERSION "0.7"
| #define STDC_HEADERS 1
| #define HAVE_SYS_TYPES_H 1
| #define HAVE_SYS_STAT_H 1
| #define HAVE_STDLIB_H 1
| #define HAVE_STRING_H 1
| #define HAVE_MEMORY_H 1
| #define HAVE_STRINGS_H 1
| #define HAVE_INTTYPES_H 1
| #define HAVE_STDINT_H 1
| #define HAVE_UNISTD_H 1
| #define HAVE_DLFCN_H 1
| /* end confdefs.h.  */
| #include <ac_nonexistent.h>
configure:6112: checking for g77
configure:6142: result: no
configure:6112: checking for xlf
configure:6142: result: no
configure:6112: checking for f77
configure:6142: result: no
configure:6112: checking for frt
configure:6142: result: no
configure:6112: checking for pgf77
configure:6142: result: no
configure:6112: checking for cf77
configure:6142: result: no
configure:6112: checking for fort77
configure:6142: result: no
configure:6112: checking for fl32
configure:6142: result: no
configure:6112: checking for af77
configure:6142: result: no
configure:6112: checking for xlf90
configure:6142: result: no
configure:6112: checking for f90
configure:6142: result: no
configure:6112: checking for pgf90
configure:6142: result: no
configure:6112: checking for pghpf
configure:6142: result: no
configure:6112: checking for epcf90
configure:6142: result: no
configure:6112: checking for gfortran
configure:6142: result: no
configure:6112: checking for g95
configure:6142: result: no
configure:6112: checking for xlf95
configure:6142: result: no
configure:6112: checking for f95
configure:6142: result: no
configure:6112: checking for fort
configure:6142: result: no
configure:6112: checking for ifort
configure:6142: result: no
configure:6112: checking for ifc
configure:6142: result: no
configure:6112: checking for efc
configure:6142: result: no
configure:6112: checking for pgf95
configure:6142: result: no
configure:6112: checking for lf95
configure:6142: result: no
configure:6112: checking for ftn
configure:6142: result: no
configure:6169: checking for Fortran 77 compiler version
configure:6176:  --version >&5
../configure: line 6177: --version: command not found
configure:6179: $? = 127
configure:6186:  -v >&5
../configure: line 6187: -v: command not found
configure:6189: $? = 127
configure:6196:  -V >&5
../configure: line 6197: -V: command not found
configure:6199: $? = 127
configure:6207: checking whether we are using the GNU Fortran 77 compiler
configure:6226:  -c  conftest.F >&5
../configure: line 6227: -c: command not found
configure:6232: $? = 127
configure: failed program was:
|       program main
| #ifndef __GNUC__
|        choke me
| #endif
| 
|       end
configure:6249: result: no
configure:6255: checking whether  accepts -g
configure:6272:  -c -g conftest.f >&5
../configure: line 6273: -c: command not found
configure:6278: $? = 127
configure: failed program was:
|       program main
| 
|       end
configure:6294: result: no
configure:6324: checking the maximum length of command line arguments
configure:6436: result: 98304
configure:6448: checking command to parse /usr/bin/nm -B output from gcc object
configure:6553: gcc -c -g -O2  conftest.c >&5
configure:6556: $? = 0
configure:6560: /usr/bin/nm -B conftest.o \| sed -n -e 's/^.*[ 	]\([ABCDGIRSTW][ABCDGIRSTW]*\)[ 	][ 	]*\([_A-Za-z][_A-Za-z0-9]*\)$/\1 \2 \2/p' \> conftest.nm
configure:6563: $? = 0
configure:6615: gcc -o conftest -g -O2   conftest.c conftstm.o >&5
configure:6618: $? = 0
configure:6656: result: ok
configure:6660: checking for objdir
configure:6675: result: .libs
configure:6767: checking for ar
configure:6783: found /usr/bin/ar
configure:6794: result: ar
configure:6863: checking for ranlib
configure:6879: found /usr/bin/ranlib
configure:6890: result: ranlib
configure:6959: checking for strip
configure:6975: found /usr/bin/strip
configure:6986: result: strip
configure:7272: checking if gcc supports -fno-rtti -fno-exceptions
configure:7290: gcc -c -g -O2  -fno-rtti -fno-exceptions conftest.c >&5
cc1: warning: command line option "-fno-rtti" is valid for C++/ObjC++ but not for C
configure:7294: $? = 0
configure:7307: result: no
configure:7322: checking for gcc option to produce PIC
configure:7554: result: -fPIC
configure:7562: checking if gcc PIC flag -fPIC works
configure:7580: gcc -c -g -O2  -fPIC -DPIC conftest.c >&5
configure:7584: $? = 0
configure:7597: result: yes
configure:7625: checking if gcc static flag -static works
configure:7653: result: yes
configure:7663: checking if gcc supports -c -o file.o
configure:7684: gcc -c -g -O2  -o out/conftest2.o conftest.c >&5
configure:7688: $? = 0
configure:7710: result: yes
configure:7736: checking whether the gcc linker (/usr/bin/ld) supports shared libraries
configure:8717: result: yes
configure:8738: checking whether -lc should be explicitly linked in
configure:8743: gcc -c -g -O2  conftest.c >&5
configure:8746: $? = 0
configure:8761: gcc -shared conftest.o  -v -Wl,-soname -Wl,conftest -o conftest 2\>\&1 \| grep  -lc  \>/dev/null 2\>\&1
configure:8764: $? = 0
configure:8776: result: no
configure:8784: checking dynamic linker characteristics
configure:9398: result: GNU/Linux ld.so
configure:9407: checking how to hardcode library paths into programs
configure:9432: result: immediate
configure:9446: checking whether stripping libraries is possible
configure:9451: result: yes
configure:10253: checking if libtool supports shared libraries
configure:10255: result: yes
configure:10258: checking whether to build shared libraries
configure:10279: result: yes
configure:10282: checking whether to build static libraries
configure:10286: result: yes
configure:10379: creating libtool
configure:10967: checking for ld used by g++
configure:11034: result: /usr/bin/ld
configure:11043: checking if the linker (/usr/bin/ld) is GNU ld
configure:11058: result: yes
configure:11109: checking whether the g++ linker (/usr/bin/ld) supports shared libraries
configure:12083: result: yes
configure:12101: g++ -c -g -O2  conftest.cpp >&5
configure:12104: $? = 0
configure:12256: checking for g++ option to produce PIC
configure:12540: result: -fPIC
configure:12548: checking if g++ PIC flag -fPIC works
configure:12566: g++ -c -g -O2  -fPIC -DPIC conftest.cpp >&5
configure:12570: $? = 0
configure:12583: result: yes
configure:12611: checking if g++ static flag -static works
configure:12639: result: yes
configure:12649: checking if g++ supports -c -o file.o
configure:12670: g++ -c -g -O2  -o out/conftest2.o conftest.cpp >&5
configure:12674: $? = 0
configure:12696: result: yes
configure:12722: checking whether the g++ linker (/usr/bin/ld) supports shared libraries
configure:12750: result: yes
configure:12817: checking dynamic linker characteristics
configure:13379: result: GNU/Linux ld.so
configure:13388: checking how to hardcode library paths into programs
configure:13413: result: immediate
configure:19670: checking for the Boost C++ libraries, version 1.34.1 or newer
configure:19695: g++ -c  -Werror -DNO_LIBREVERSE_DEBUG -pg -fprofile-arcs -ftest-coverage  -I/usr/include/boost-1_34 conftest.cpp >&5
configure:19701: $? = 0
configure:19760: g++ -c  -Werror -DNO_LIBREVERSE_DEBUG -pg -fprofile-arcs -ftest-coverage  -I/usr/include/boost-1_34 conftest.cpp >&5
configure:19766: $? = 0
configure:19772: result: yes
configure:19826: checking whether we can use boost_datetime library
configure:19866: g++ -c  -Werror -DNO_LIBREVERSE_DEBUG -pg -fprofile-arcs -ftest-coverage -I/usr/include/boost-1_34 conftest.cpp >&5
configure:19872: $? = 0
configure:19878: result: yes
configure:20123: creating ./config.status

## ---------------- ##
## Cache variables. ##
## ---------------- ##

ac_cv_build=i686-pc-linux-gnu
ac_cv_c_compiler_gnu=yes
ac_cv_cxx_compiler_gnu=yes
ac_cv_env_CCC_set=
ac_cv_env_CCC_value=
ac_cv_env_CC_set=
ac_cv_env_CC_value=
ac_cv_env_CFLAGS_set=
ac_cv_env_CFLAGS_value=
ac_cv_env_CPPFLAGS_set=
ac_cv_env_CPPFLAGS_value=
ac_cv_env_CPP_set=
ac_cv_env_CPP_value=
ac_cv_env_CXXCPP_set=
ac_cv_env_CXXCPP_value=
ac_cv_env_CXXFLAGS_set=
ac_cv_env_CXXFLAGS_value=
ac_cv_env_CXX_set=
ac_cv_env_CXX_value=
ac_cv_env_F77_set=
ac_cv_env_F77_value=
ac_cv_env_FFLAGS_set=
ac_cv_env_FFLAGS_value=
ac_cv_env_LDFLAGS_set=
ac_cv_env_LDFLAGS_value=
ac_cv_env_LIBS_set=
ac_cv_env_LIBS_value=
ac_cv_env_build_alias_set=
ac_cv_env_build_alias_value=
ac_cv_env_host_alias_set=
ac_cv_env_host_alias_value=
ac_cv_env_target_alias_set=
ac_cv_env_target_alias_value=
ac_cv_f77_compiler_gnu=no
ac_cv_header_dlfcn_h=yes
ac_cv_header_inttypes_h=yes
ac_cv_header_memory_h=yes
ac_cv_header_stdc=yes
ac_cv_header_stdint_h=yes
ac_cv_header_stdlib_h=yes
ac_cv_header_string_h=yes
ac_cv_header_strings_h=yes
ac_cv_header_sys_stat_h=yes
ac_cv_header_sys_types_h=yes
ac_cv_header_unistd_h=yes
ac_cv_host=i686-pc-linux-gnu
ac_cv_objext=o
ac_cv_path_EGREP='/bin/grep -E'
ac_cv_path_GREP=/bin/grep
ac_cv_path_install='/usr/bin/install -c'
ac_cv_path_mkdir=/bin/mkdir
ac_cv_prog_AWK=gawk
ac_cv_prog_CPP='gcc -E'
ac_cv_prog_CXXCPP='g++ -E'
ac_cv_prog_ac_ct_AR=ar
ac_cv_prog_ac_ct_CC=gcc
ac_cv_prog_ac_ct_RANLIB=ranlib
ac_cv_prog_ac_ct_STRIP=strip
ac_cv_prog_cc_c89=
ac_cv_prog_cc_g=yes
ac_cv_prog_cxx_g=yes
ac_cv_prog_f77_g=no
ac_cv_prog_make_make_set=yes
am_cv_CC_dependencies_compiler_type=gcc3
am_cv_CXX_dependencies_compiler_type=gcc3
am_cv_prog_tar_pax=gnutar
lt_cv_deplibs_check_method=pass_all
lt_cv_file_magic_cmd='$MAGIC_CMD'
lt_cv_file_magic_test_file=
lt_cv_ld_reload_flag=-r
lt_cv_objdir=.libs
lt_cv_path_LD=/usr/bin/ld
lt_cv_path_LDCXX=/usr/bin/ld
lt_cv_path_NM='/usr/bin/nm -B'
lt_cv_path_SED=/bin/sed
lt_cv_prog_compiler_c_o=yes
lt_cv_prog_compiler_c_o_CXX=yes
lt_cv_prog_compiler_rtti_exceptions=no
lt_cv_prog_gnu_ld=yes
lt_cv_prog_gnu_ldcxx=yes
lt_cv_sys_global_symbol_pipe='sed -n -e '\''s/^.*[ 	]\([ABCDGIRSTW][ABCDGIRSTW]*\)[ 	][ 	]*\([_A-Za-z][_A-Za-z0-9]*\)$/\1 \2 \2/p'\'''
lt_cv_sys_global_symbol_to_c_name_address='sed -n -e '\''s/^: \([^ ]*\) $/  {\"\1\", (lt_ptr) 0},/p'\'' -e '\''s/^[BCDEGRST] \([^ ]*\) \([^ ]*\)$/  {"\2", (lt_ptr) \&\2},/p'\'''
lt_cv_sys_global_symbol_to_cdecl='sed -n -e '\''s/^. .* \(.*\)$/extern int \1;/p'\'''
lt_cv_sys_max_cmd_len=98304
lt_lt_cv_prog_compiler_c_o='"yes"'
lt_lt_cv_prog_compiler_c_o_CXX='"yes"'
lt_lt_cv_sys_global_symbol_pipe='"sed -n -e '\''s/^.*[ 	]\\([ABCDGIRSTW][ABCDGIRSTW]*\\)[ 	][ 	]*\\([_A-Za-z][_A-Za-z0-9]*\\)\$/\\1 \\2 \\2/p'\''"'
lt_lt_cv_sys_global_symbol_to_c_name_address='"sed -n -e '\''s/^: \\([^ ]*\\) \$/  {\\\"\\1\\\", (lt_ptr) 0},/p'\'' -e '\''s/^[BCDEGRST] \\([^ ]*\\) \\([^ ]*\\)\$/  {\"\\2\", (lt_ptr) \\&\\2},/p'\''"'
lt_lt_cv_sys_global_symbol_to_cdecl='"sed -n -e '\''s/^. .* \\(.*\\)\$/extern int \\1;/p'\''"'

## ----------------- ##
## Output variables. ##
## ----------------- ##

ACLOCAL='${SHELL} /home/storri/src/libreverse/missing --run aclocal-1.10'
AMDEPBACKSLASH='\'
AMDEP_FALSE='#'
AMDEP_TRUE=''
AMTAR='${SHELL} /home/storri/src/libreverse/missing --run tar'
AR='ar'
AUTOCONF='${SHELL} /home/storri/src/libreverse/missing --run autoconf'
AUTOHEADER='${SHELL} /home/storri/src/libreverse/missing --run autoheader'
AUTOMAKE='${SHELL} /home/storri/src/libreverse/missing --run automake-1.10'
AWK='gawk'
BOOST_CPPFLAGS='-I/usr/include/boost-1_34'
BOOST_LIBS='-lboost_date_time-gcc-1_34 '
BOOST_LIBS_R='-lboost_date_time-gcc-1_34 '
BUILD_BOOST_FALSE='#'
BUILD_BOOST_TRUE=''
BUILD_EXPAT_FALSE='#'
BUILD_EXPAT_TRUE=''
BUILD_ICU_FALSE='#'
BUILD_ICU_TRUE=''
CC='gcc'
CCDEPMODE='depmode=gcc3'
CFLAGS=' -Werror -DNO_LIBREVERSE_DEBUG'
CPP='gcc -E'
CPPFLAGS=''
CXX='g++'
CXXCPP='g++ -E'
CXXDEPMODE='depmode=gcc3'
CXXFLAGS=' -Werror -DNO_LIBREVERSE_DEBUG -pg -fprofile-arcs -ftest-coverage'
CYGPATH_W='echo'
DEFS='-DHAVE_CONFIG_H'
DEPDIR='.deps'
ECHO='echo'
ECHO_C=''
ECHO_N='-n'
ECHO_T=''
EGREP='/bin/grep -E'
EXEEXT=''
EXPAT_CFLAGS='-I/usr/include'
EXPAT_LIBS='-L/usr/lib'
F77=''
FFLAGS=''
GREP='/bin/grep'
ICU_CFLAGS='-I/usr/include'
ICU_LIBS='-L/usr/lib'
INSTALL_DATA='${INSTALL} -m 644'
INSTALL_PROGRAM='${INSTALL}'
INSTALL_SCRIPT='${INSTALL}'
INSTALL_STRIP_PROGRAM='$(install_sh) -c -s'
LDFLAGS=''
LIBOBJS=''
LIBS=''
LIBTOOL='$(SHELL) $(top_builddir)/libtool'
LN_S='ln -s'
LTLIBOBJS=''
MAKEINFO='${SHELL} /home/storri/src/libreverse/missing --run makeinfo'
OBJEXT='o'
PACKAGE='libreverse'
PACKAGE_BUGREPORT=''
PACKAGE_NAME='libreverse'
PACKAGE_STRING='libreverse 0.7'
PACKAGE_TARNAME='libreverse'
PACKAGE_VERSION='0.7'
PATH_SEPARATOR=':'
RANLIB='ranlib'
SED='/bin/sed'
SET_MAKE=''
SHELL='/bin/bash'
STRIP='strip'
TARGET_COMPILER=''
VERSION='0.7'
ac_ct_CC='gcc'
ac_ct_CXX=''
ac_ct_F77=''
am__fastdepCC_FALSE='#'
am__fastdepCC_TRUE=''
am__fastdepCXX_FALSE='#'
am__fastdepCXX_TRUE=''
am__include='include'
am__isrc=' -I$(srcdir)'
am__leading_dot='.'
am__quote=''
am__tar='tar --format=posix -chf - "$$tardir"'
am__untar='tar -xf -'
bindir='${exec_prefix}/bin'
build='i686-pc-linux-gnu'
build_alias=''
build_cpu='i686'
build_os='linux-gnu'
build_vendor='pc'
datadir='${datarootdir}'
datarootdir='${prefix}/share'
docdir='${datarootdir}/doc/${PACKAGE_TARNAME}'
dvidir='${docdir}'
exec_prefix='${prefix}'
host='i686-pc-linux-gnu'
host_alias=''
host_cpu='i686'
host_os='linux-gnu'
host_vendor='pc'
htmldir='${docdir}'
includedir='${prefix}/include'
infodir='${datarootdir}/info'
install_sh='$(SHELL) /home/storri/src/libreverse/install-sh'
libdir='${exec_prefix}/lib'
libexecdir='${exec_prefix}/libexec'
localedir='${datarootdir}/locale'
localstatedir='${prefix}/var'
mandir='${datarootdir}/man'
mkdir_p='/bin/mkdir -p'
oldincludedir='/usr/include'
pdfdir='${docdir}'
prefix='/usr/local'
program_transform_name='s,x,x,'
psdir='${docdir}'
sbindir='${exec_prefix}/sbin'
sharedstatedir='${prefix}/com'
sysconfdir='${prefix}/etc'
target_alias=''

## ----------- ##
## confdefs.h. ##
## ----------- ##

#define PACKAGE_NAME "libreverse"
#define PACKAGE_TARNAME "libreverse"
#define PACKAGE_VERSION "0.7"
#define PACKAGE_STRING "libreverse 0.7"
#define PACKAGE_BUGREPORT ""
#define PACKAGE "libreverse"
#define VERSION "0.7"
#define STDC_HEADERS 1
#define HAVE_SYS_TYPES_H 1
#define HAVE_SYS_STAT_H 1
#define HAVE_STDLIB_H 1
#define HAVE_STRING_H 1
#define HAVE_MEMORY_H 1
#define HAVE_STRINGS_H 1
#define HAVE_INTTYPES_H 1
#define HAVE_STDINT_H 1
#define HAVE_UNISTD_H 1
#define HAVE_DLFCN_H 1

configure: exit 0

## ---------------------- ##
## Running config.status. ##
## ---------------------- ##

This file was extended by libreverse config.status 0.7, which was
generated by GNU Autoconf 2.61.  Invocation command line was

  CONFIG_FILES    = 
  CONFIG_HEADERS  = 
  CONFIG_LINKS    = 
  CONFIG_COMMANDS = 
  $ ./config.status 

on dell

config.status:703: creating formulas/Makefile
config.status:703: creating config_files/Makefile
config.status:703: creating libreverse/errors/Makefile
config.status:703: creating libreverse/infrastructure/data_source/Makefile
config.status:703: creating libreverse/infrastructure/Makefile
config.status:703: creating libreverse/infrastructure/visitor/Makefile
config.status:703: creating libreverse/meta/Makefile
config.status:703: creating libreverse/api/Makefile
config.status:703: creating libreverse/api/tests/Makefile
config.status:703: creating libreverse/components/input/Makefile
config.status:703: creating libreverse/components/input/grnn/Makefile
config.status:703: creating libreverse/components/Makefile
config.status:703: creating libreverse/components/output/Makefile
config.status:703: creating libreverse/Makefile
config.status:703: creating libreverse/data_containers/Makefile
config.status:703: creating libreverse/io/input/File_Readers/Windows_PE/Makefile
config.status:703: creating libreverse/io/input/File_Readers/Windows_PE/tests/Makefile
config.status:703: creating libreverse/io/input/File_Readers/Makefile
config.status:703: creating libreverse/io/input/File_Readers/Elf/Makefile
config.status:703: creating libreverse/io/input/File_Readers/Java_Class/Makefile
config.status:703: creating libreverse/io/input/File_Readers/Java_Class/tests/Makefile
config.status:703: creating libreverse/io/input/File_Readers/Mach/Makefile
config.status:703: creating libreverse/io/input/Makefile
config.status:703: creating libreverse/io/Makefile
config.status:703: creating libreverse/include/Makefile
config.status:703: creating libreverse/applications/Makefile
config.status:703: creating libreverse/applications/grnn/Makefile
config.status:703: creating Makefile
config.status:703: creating libreverse/include/config.h
config.status:923: libreverse/include/config.h is unchanged
config.status:969: executing depfiles commands
